<?xml version="1.0" encoding="UTF-8"?>
<testsuite name="s10p22c110.autodriving.AutodrivingApplicationTests" tests="1" skipped="0" failures="0" errors="0" timestamp="2024-03-25T08:41:50" hostname="DESKTOP-LL832F4" time="0.442">
  <properties/>
  <testcase name="contextLoads()" classname="s10p22c110.autodriving.AutodrivingApplicationTests" time="0.442"/>
  <system-out><![CDATA[17:41:46.733 [Test worker] INFO org.springframework.test.context.support.AnnotationConfigContextLoaderUtils -- Could not detect default configuration classes for test class [s10p22c110.autodriving.AutodrivingApplicationTests]: AutodrivingApplicationTests does not declare any static, non-private, non-final, nested classes annotated with @Configuration.
17:41:46.820 [Test worker] INFO org.springframework.boot.test.context.SpringBootTestContextBootstrapper -- Found @SpringBootConfiguration s10p22c110.autodriving.AutodrivingApplication for test class s10p22c110.autodriving.AutodrivingApplicationTests

  .   ____          _            __ _ _
 /\\ / ___'_ __ _ _(_)_ __  __ _ \ \ \ \
( ( )\___ | '_ | '_| | '_ \/ _` | \ \ \ \
 \\/  ___)| |_)| | | | | || (_| |  ) ) ) )
  '  |____| .__|_| |_|_| |_\__, | / / / /
 =========|_|==============|___/=/_/_/_/
 :: Spring Boot ::                (v3.2.4)

2024-03-25T17:41:47.136+09:00  INFO 4112 --- [autodriving] [    Test worker] s.a.AutodrivingApplicationTests          : Starting AutodrivingApplicationTests using Java 17.0.9 with PID 4112 (started by SSAFY in C:\Users\SSAFY\Desktop\특화 프로젝트\S10P22C110\server\autodriving)
2024-03-25T17:41:47.137+09:00  INFO 4112 --- [autodriving] [    Test worker] s.a.AutodrivingApplicationTests          : No active profile set, falling back to 1 default profile: "default"
2024-03-25T17:41:47.732+09:00  INFO 4112 --- [autodriving] [    Test worker] .s.d.r.c.RepositoryConfigurationDelegate : Multiple Spring Data modules found, entering strict repository configuration mode
2024-03-25T17:41:47.736+09:00  INFO 4112 --- [autodriving] [    Test worker] .s.d.r.c.RepositoryConfigurationDelegate : Bootstrapping Spring Data JPA repositories in DEFAULT mode.
2024-03-25T17:41:47.783+09:00  INFO 4112 --- [autodriving] [    Test worker] .RepositoryConfigurationExtensionSupport : Spring Data JPA - Could not safely identify store assignment for repository candidate interface s10p22c110.autodriving.repository.MongoEntityRepository; If you want this repository to be a JPA repository, consider annotating your entities with one of these annotations: jakarta.persistence.Entity, jakarta.persistence.MappedSuperclass (preferred), or consider extending one of the following types with your repository: org.springframework.data.jpa.repository.JpaRepository
2024-03-25T17:41:47.784+09:00  INFO 4112 --- [autodriving] [    Test worker] .s.d.r.c.RepositoryConfigurationDelegate : Finished Spring Data repository scanning in 33 ms. Found 0 JPA repository interfaces.
2024-03-25T17:41:47.826+09:00  INFO 4112 --- [autodriving] [    Test worker] .s.d.r.c.RepositoryConfigurationDelegate : Multiple Spring Data modules found, entering strict repository configuration mode
2024-03-25T17:41:47.828+09:00  INFO 4112 --- [autodriving] [    Test worker] .s.d.r.c.RepositoryConfigurationDelegate : Bootstrapping Spring Data MongoDB repositories in DEFAULT mode.
2024-03-25T17:41:47.855+09:00  INFO 4112 --- [autodriving] [    Test worker] .s.d.r.c.RepositoryConfigurationDelegate : Finished Spring Data repository scanning in 27 ms. Found 1 MongoDB repository interface.
2024-03-25T17:41:48.242+09:00  INFO 4112 --- [autodriving] [    Test worker] o.hibernate.jpa.internal.util.LogHelper  : HHH000204: Processing PersistenceUnitInfo [name: default]
2024-03-25T17:41:48.299+09:00  INFO 4112 --- [autodriving] [    Test worker] org.hibernate.Version                    : HHH000412: Hibernate ORM core version 6.4.4.Final
2024-03-25T17:41:48.330+09:00  INFO 4112 --- [autodriving] [    Test worker] o.h.c.internal.RegionFactoryInitiator    : HHH000026: Second-level cache disabled
2024-03-25T17:41:48.548+09:00  INFO 4112 --- [autodriving] [    Test worker] o.s.o.j.p.SpringPersistenceUnitInfo      : No LoadTimeWeaver setup: ignoring JPA class transformer
2024-03-25T17:41:48.576+09:00  INFO 4112 --- [autodriving] [    Test worker] com.zaxxer.hikari.HikariDataSource       : HikariPool-1 - Starting...
2024-03-25T17:41:48.859+09:00  INFO 4112 --- [autodriving] [    Test worker] com.zaxxer.hikari.pool.HikariPool        : HikariPool-1 - Added connection org.mariadb.jdbc.Connection@20820df0
2024-03-25T17:41:48.860+09:00  INFO 4112 --- [autodriving] [    Test worker] com.zaxxer.hikari.HikariDataSource       : HikariPool-1 - Start completed.
2024-03-25T17:41:48.880+09:00  WARN 4112 --- [autodriving] [    Test worker] org.hibernate.orm.deprecation            : HHH90000025: MariaDB106Dialect does not need to be specified explicitly using 'hibernate.dialect' (remove the property setting and it will be selected by default)
2024-03-25T17:41:48.882+09:00  WARN 4112 --- [autodriving] [    Test worker] org.hibernate.orm.deprecation            : HHH90000026: MariaDB106Dialect has been deprecated; use org.hibernate.dialect.MariaDBDialect instead
2024-03-25T17:41:49.505+09:00  INFO 4112 --- [autodriving] [    Test worker] o.h.e.t.j.p.i.JtaPlatformInitiator       : HHH000489: No JTA platform available (set 'hibernate.transaction.jta.platform' to enable JTA platform integration)
2024-03-25T17:41:49.591+09:00  INFO 4112 --- [autodriving] [    Test worker] j.LocalContainerEntityManagerFactoryBean : Initialized JPA EntityManagerFactory for persistence unit 'default'
2024-03-25T17:41:49.701+09:00  WARN 4112 --- [autodriving] [    Test worker] JpaBaseConfiguration$JpaWebConfiguration : spring.jpa.open-in-view is enabled by default. Therefore, database queries may be performed during view rendering. Explicitly configure spring.jpa.open-in-view to disable this warning
2024-03-25T17:41:50.111+09:00  INFO 4112 --- [autodriving] [    Test worker] org.mongodb.driver.client                : MongoClient with metadata {"driver": {"name": "mongo-java-driver|sync|spring-boot", "version": "4.11.1"}, "os": {"type": "Windows", "name": "Windows 10", "architecture": "amd64", "version": "10.0"}, "platform": "Java/Eclipse Adoptium/17.0.9+9"} created with settings MongoClientSettings{readPreference=primary, writeConcern=WriteConcern{w=null, wTimeout=null ms, journal=null}, retryWrites=true, retryReads=true, readConcern=ReadConcern{level=null}, credential=MongoCredential{mechanism=null, userName='S10P22C110', source='admin', password=<hidden>, mechanismProperties=<hidden>}, transportSettings=null, streamFactoryFactory=null, commandListeners=[], codecRegistry=ProvidersCodecRegistry{codecProviders=[ValueCodecProvider{}, BsonValueCodecProvider{}, DBRefCodecProvider{}, DBObjectCodecProvider{}, DocumentCodecProvider{}, CollectionCodecProvider{}, IterableCodecProvider{}, MapCodecProvider{}, GeoJsonCodecProvider{}, GridFSFileCodecProvider{}, Jsr310CodecProvider{}, JsonObjectCodecProvider{}, BsonCodecProvider{}, EnumCodecProvider{}, com.mongodb.client.model.mql.ExpressionCodecProvider@73c6ae15, com.mongodb.Jep395RecordCodecProvider@5923210, com.mongodb.KotlinCodecProvider@70dd79f7]}, loggerSettings=LoggerSettings{maxDocumentLength=1000}, clusterSettings={hosts=[127.0.0.1:27017], srvHost=ssafy.ngivl.mongodb.net, srvServiceName=mongodb, mode=MULTIPLE, requiredClusterType=REPLICA_SET, requiredReplicaSetName='atlas-2haag7-shard-0', serverSelector='null', clusterListeners='[]', serverSelectionTimeout='30000 ms', localThreshold='15 ms'}, socketSettings=SocketSettings{connectTimeoutMS=10000, readTimeoutMS=0, receiveBufferSize=0, proxySettings=ProxySettings{host=null, port=null, username=null, password=null}}, heartbeatSocketSettings=SocketSettings{connectTimeoutMS=10000, readTimeoutMS=10000, receiveBufferSize=0, proxySettings=ProxySettings{host=null, port=null, username=null, password=null}}, connectionPoolSettings=ConnectionPoolSettings{maxSize=100, minSize=0, maxWaitTimeMS=120000, maxConnectionLifeTimeMS=0, maxConnectionIdleTimeMS=0, maintenanceInitialDelayMS=0, maintenanceFrequencyMS=60000, connectionPoolListeners=[], maxConnecting=2}, serverSettings=ServerSettings{heartbeatFrequencyMS=10000, minHeartbeatFrequencyMS=500, serverListeners='[]', serverMonitorListeners='[]'}, sslSettings=SslSettings{enabled=true, invalidHostNameAllowed=false, context=null}, applicationName='null', compressorList=[], uuidRepresentation=JAVA_LEGACY, serverApi=null, autoEncryptionSettings=null, dnsClient=null, inetAddressResolver=null, contextProvider=null}
2024-03-25T17:41:50.153+09:00  INFO 4112 --- [autodriving] [ivl.mongodb.net] org.mongodb.driver.cluster               : Adding discovered server ssafy-shard-00-00.ngivl.mongodb.net:27017 to client view of cluster
2024-03-25T17:41:50.179+09:00  INFO 4112 --- [autodriving] [ivl.mongodb.net] org.mongodb.driver.cluster               : Adding discovered server ssafy-shard-00-02.ngivl.mongodb.net:27017 to client view of cluster
2024-03-25T17:41:50.181+09:00  INFO 4112 --- [autodriving] [ivl.mongodb.net] org.mongodb.driver.cluster               : Adding discovered server ssafy-shard-00-01.ngivl.mongodb.net:27017 to client view of cluster
2024-03-25T17:41:50.498+09:00  INFO 4112 --- [autodriving] [    Test worker] s.a.AutodrivingApplicationTests          : Started AutodrivingApplicationTests in 3.542 seconds (process running for 4.471)
2024-03-25T17:41:50.597+09:00  INFO 4112 --- [autodriving] [ngodb.net:27017] org.mongodb.driver.cluster               : Monitor thread successfully connected to server with description ServerDescription{address=ssafy-shard-00-02.ngivl.mongodb.net:27017, type=REPLICA_SET_SECONDARY, state=CONNECTED, ok=true, minWireVersion=0, maxWireVersion=13, maxDocumentSize=16777216, logicalSessionTimeoutMinutes=30, roundTripTimeNanos=247704900, setName='atlas-2haag7-shard-0', canonicalAddress=ssafy-shard-00-02.ngivl.mongodb.net:27017, hosts=[ssafy-shard-00-00.ngivl.mongodb.net:27017, ssafy-shard-00-02.ngivl.mongodb.net:27017, ssafy-shard-00-01.ngivl.mongodb.net:27017], passives=[], arbiters=[], primary='ssafy-shard-00-01.ngivl.mongodb.net:27017', tagSet=TagSet{[Tag{name='diskState', value='READY'}, Tag{name='nodeType', value='ELECTABLE'}, Tag{name='provider', value='AZURE'}, Tag{name='region', value='KOREA_CENTRAL'}, Tag{name='workloadType', value='OPERATIONAL'}]}, electionId=null, setVersion=2, topologyVersion=TopologyVersion{processId=65f02e20dd0c39aed4da9908, counter=3}, lastWriteDate=Mon Mar 25 17:41:46 KST 2024, lastUpdateTimeNanos=30830428654400}
2024-03-25T17:41:50.597+09:00  INFO 4112 --- [autodriving] [ngodb.net:27017] org.mongodb.driver.cluster               : Monitor thread successfully connected to server with description ServerDescription{address=ssafy-shard-00-00.ngivl.mongodb.net:27017, type=REPLICA_SET_SECONDARY, state=CONNECTED, ok=true, minWireVersion=0, maxWireVersion=13, maxDocumentSize=16777216, logicalSessionTimeoutMinutes=30, roundTripTimeNanos=244904500, setName='atlas-2haag7-shard-0', canonicalAddress=ssafy-shard-00-00.ngivl.mongodb.net:27017, hosts=[ssafy-shard-00-00.ngivl.mongodb.net:27017, ssafy-shard-00-02.ngivl.mongodb.net:27017, ssafy-shard-00-01.ngivl.mongodb.net:27017], passives=[], arbiters=[], primary='ssafy-shard-00-01.ngivl.mongodb.net:27017', tagSet=TagSet{[Tag{name='diskState', value='READY'}, Tag{name='nodeType', value='ELECTABLE'}, Tag{name='provider', value='AZURE'}, Tag{name='region', value='KOREA_CENTRAL'}, Tag{name='workloadType', value='OPERATIONAL'}]}, electionId=null, setVersion=2, topologyVersion=TopologyVersion{processId=65f02c4a64a77feef97dffaf, counter=4}, lastWriteDate=Mon Mar 25 17:41:46 KST 2024, lastUpdateTimeNanos=30830426713900}
2024-03-25T17:41:50.597+09:00  INFO 4112 --- [autodriving] [ngodb.net:27017] org.mongodb.driver.cluster               : Monitor thread successfully connected to server with description ServerDescription{address=ssafy-shard-00-01.ngivl.mongodb.net:27017, type=REPLICA_SET_PRIMARY, state=CONNECTED, ok=true, minWireVersion=0, maxWireVersion=13, maxDocumentSize=16777216, logicalSessionTimeoutMinutes=30, roundTripTimeNanos=247301000, setName='atlas-2haag7-shard-0', canonicalAddress=ssafy-shard-00-01.ngivl.mongodb.net:27017, hosts=[ssafy-shard-00-00.ngivl.mongodb.net:27017, ssafy-shard-00-02.ngivl.mongodb.net:27017, ssafy-shard-00-01.ngivl.mongodb.net:27017], passives=[], arbiters=[], primary='ssafy-shard-00-01.ngivl.mongodb.net:27017', tagSet=TagSet{[Tag{name='diskState', value='READY'}, Tag{name='nodeType', value='ELECTABLE'}, Tag{name='provider', value='AZURE'}, Tag{name='region', value='KOREA_CENTRAL'}, Tag{name='workloadType', value='OPERATIONAL'}]}, electionId=7fffffff000000000000003c, setVersion=2, topologyVersion=TopologyVersion{processId=65f02a8e3e1e0e80593ba581, counter=6}, lastWriteDate=Mon Mar 25 17:41:46 KST 2024, lastUpdateTimeNanos=30830429088600}
2024-03-25T17:41:50.600+09:00  INFO 4112 --- [autodriving] [ngodb.net:27017] org.mongodb.driver.cluster               : Discovered replica set primary ssafy-shard-00-01.ngivl.mongodb.net:27017 with max election id 7fffffff000000000000003c and max set version 2
]]></system-out>
  <system-err><![CDATA[]]></system-err>
</testsuite>
